<?xml version="1.0" encoding="UTF-8"?>
<!-- Generated by org.testng.reporters.JUnitReportReporter -->
<testsuite hostname="NWCHNLAP004" failures="0" tests="1" name="EHUB.GHR_CreateEmployee.savedraft_multipletimes_UniqueName" time="43.121" errors="0" timestamp="2022-06-17T11:18:57 IST" skipped="0">
  <testcase classname="EHUB.GHR_CreateEmployee.savedraft_multipletimes_UniqueName" name="saveDraft" time="43.121"/>
  <system-out/>
</testsuite> <!-- EHUB.GHR_CreateEmployee.savedraft_multipletimes_UniqueName -->
