<?xml version="1.0" encoding="UTF-8"?>
<!-- Generated by org.testng.reporters.JUnitReportReporter -->
<testsuite hostname="NYMCHNCPU-333" failures="0" tests="1" name="DocGenX.EmployeeRole.CreateEmployee" time="36.681" errors="0" timestamp="2022-05-27T17:32:43 IST" skipped="0">
  <testcase classname="DocGenX.EmployeeRole.CreateEmployee" name="viewLockedTemplate" time="36.681"/>
  <system-out/>
</testsuite> <!-- DocGenX.EmployeeRole.CreateEmployee -->
