<?xml version="1.0" encoding="UTF-8"?>
<!-- Generated by org.testng.reporters.JUnitReportReporter -->
<testsuite hostname="NWCHNLAP004" failures="0" tests="1" name="createMultipleDrafts.SaveNewdraft" time="106.991" errors="0" timestamp="2022-06-17T11:18:57 IST" skipped="0">
  <testcase classname="createMultipleDrafts.SaveNewdraft" name="saveNewDraft" time="106.991"/>
  <system-out/>
</testsuite> <!-- createMultipleDrafts.SaveNewdraft -->
