<?xml version="1.0" encoding="UTF-8"?>
<!-- Generated by org.testng.reporters.JUnitReportReporter -->
<testsuite hostname="NWCHNLAP004" failures="0" tests="2" name="EHUB.GHR_CreateEmployee.Delete_Multiple_Drafts" time="33.624" errors="0" timestamp="2022-06-17T11:18:57 IST" skipped="0">
  <testcase classname="EHUB.GHR_CreateEmployee.Delete_Multiple_Drafts" name="deleteDraftClearAll" time="26.653"/>
  <system-out/>
  <testcase classname="EHUB.GHR_CreateEmployee.Delete_Multiple_Drafts" name="saveDraft" time="6.971"/>
  <system-out/>
</testsuite> <!-- EHUB.GHR_CreateEmployee.Delete_Multiple_Drafts -->
