<?xml version="1.0" encoding="UTF-8"?>
<!-- Generated by org.testng.reporters.JUnitReportReporter -->
<testsuite hostname="NWCHNLAP004" failures="0" tests="1" name="EHUB.GHR.ResetForm" time="27.740" errors="0" timestamp="2022-06-08T13:22:50 IST" skipped="0">
  <testcase classname="EHUB.GHR.ResetForm" name="resetform" time="27.740"/>
  <system-out/>
</testsuite> <!-- EHUB.GHR.ResetForm -->
