<?xml version="1.0" encoding="UTF-8"?>
<!-- Generated by org.testng.reporters.JUnitReportReporter -->
<testsuite hostname="NWCHNLAP004" failures="0" tests="1" name="EHUB.GHR_CreateEmployee.Delete_Single_Draft" time="20.050" errors="0" timestamp="2022-06-21T14:06:40 IST" skipped="0">
  <testcase classname="EHUB.GHR_CreateEmployee.Delete_Single_Draft" name="deletsingleDraft" time="20.050"/>
  <system-out/>
</testsuite> <!-- EHUB.GHR_CreateEmployee.Delete_Single_Draft -->
