<?xml version="1.0" encoding="UTF-8"?>
<!-- Generated by org.testng.reporters.JUnitReportReporter -->
<testsuite hostname="NWCHNLAP004" failures="0" tests="1" name="EHUB.GHR.savedraft" time="44.814" errors="0" timestamp="2022-06-13T16:25:21 IST" skipped="0">
  <testcase classname="EHUB.GHR.savedraft" name="saveDraft" time="44.814"/>
  <system-out/>
</testsuite> <!-- EHUB.GHR.savedraft -->
