<?xml version="1.0" encoding="UTF-8"?>
<!-- Generated by org.testng.reporters.JUnitReportReporter -->
<testsuite hostname="NWCHNLAP004" failures="0" tests="1" name="EHUB.GHR_CreateEmployee.savedraft_multipletimes_DifferentName" time="57.679" errors="0" timestamp="2022-06-15T17:20:41 IST" skipped="0">
  <testcase classname="EHUB.GHR_CreateEmployee.savedraft_multipletimes_DifferentName" name="saveDraft" time="57.679"/>
  <system-out/>
</testsuite> <!-- EHUB.GHR_CreateEmployee.savedraft_multipletimes_DifferentName -->
