<?xml version="1.0" encoding="UTF-8"?>
<!-- Generated by org.testng.reporters.JUnitReportReporter -->
<testsuite hostname="NWCHNLAP004" failures="0" tests="1" name="compliance_client_compliance_processor.getFilteredDataCount" time="33.176" errors="0" timestamp="2022-06-22T13:41:48 IST" skipped="0">
  <testcase classname="compliance_client_compliance_processor.getFilteredDataCount" name="createEmployee" time="33.176"/>
  <system-out/>
</testsuite> <!-- compliance_client_compliance_processor.getFilteredDataCount -->
