<?xml version="1.0" encoding="UTF-8"?>
<!-- Generated by org.testng.reporters.JUnitReportReporter -->
<testsuite hostname="NWCHNLAP004" failures="0" tests="1" name="EHUB.GHR_CreateEmployee.CreateEmployee_WithduplicateglobalID_proceed" time="41.656" errors="0" timestamp="2022-06-15T11:59:02 IST" skipped="0">
  <testcase classname="EHUB.GHR_CreateEmployee.CreateEmployee_WithduplicateglobalID_proceed" name="createEmployee" time="41.656"/>
  <system-out/>
</testsuite> <!-- EHUB.GHR_CreateEmployee.CreateEmployee_WithduplicateglobalID_proceed -->
