<?xml version="1.0" encoding="UTF-8"?>
<!-- Generated by org.testng.reporters.JUnitReportReporter -->
<testsuite hostname="NWCHNLAP004" failures="0" tests="1" name="EHUB.GHR_CreateEmployee.OpenDraft_withSelectingAnyDraft" time="32.794" errors="0" timestamp="2022-06-17T11:18:57 IST" skipped="0">
  <testcase classname="EHUB.GHR_CreateEmployee.OpenDraft_withSelectingAnyDraft" name="saveDraft" time="32.794"/>
  <system-out/>
</testsuite> <!-- EHUB.GHR_CreateEmployee.OpenDraft_withSelectingAnyDraft -->
