<?xml version="1.0" encoding="UTF-8"?>
<!-- Generated by org.testng.reporters.JUnitReportReporter -->
<testsuite hostname="NWCHNLAP004" failures="0" tests="1" name="EHUB.GHR_CreateEmployee.savedraft_multipletimes" time="42.884" errors="0" timestamp="2022-06-15T13:54:55 IST" skipped="0">
  <testcase classname="EHUB.GHR_CreateEmployee.savedraft_multipletimes" name="saveDraft" time="42.884"/>
  <system-out/>
</testsuite> <!-- EHUB.GHR_CreateEmployee.savedraft_multipletimes -->
