<?xml version="1.0" encoding="UTF-8"?>
<!-- Generated by org.testng.reporters.JUnitReportReporter -->
<testsuite hostname="NWCHNLAP004" failures="0" tests="1" name="EHUB.GHR_CreateEmployee.DeleteDraftCloseBtn" time="18.725" errors="0" timestamp="2022-06-20T16:07:21 IST" skipped="0">
  <testcase classname="EHUB.GHR_CreateEmployee.DeleteDraftCloseBtn" name="deletDraftCloseBtn" time="18.725"/>
  <system-out/>
</testsuite> <!-- EHUB.GHR_CreateEmployee.DeleteDraftCloseBtn -->
