<?xml version="1.0" encoding="UTF-8"?>
<!-- Generated by org.testng.reporters.JUnitReportReporter -->
<testsuite hostname="NWCHNLAP004" failures="0" tests="1" name="EHUB.GHR.DeleteDraft" time="58.317" errors="0" timestamp="2022-06-14T10:03:53 IST" skipped="0">
  <testcase classname="EHUB.GHR.DeleteDraft" name="saveDraft" time="58.317"/>
  <system-out/>
</testsuite> <!-- EHUB.GHR.DeleteDraft -->
