<?xml version="1.0" encoding="UTF-8"?>
<!-- Generated by org.testng.reporters.JUnitReportReporter -->
<testsuite hostname="NWCHNLAP004" failures="0" tests="1" name="EHUB.GHR_CreateEmployee.Delete_Multiple_Drafts" time="21.321" errors="0" timestamp="2022-06-16T12:06:39 IST" skipped="0">
  <testcase classname="EHUB.GHR_CreateEmployee.Delete_Multiple_Drafts" name="saveDraft" time="21.321"/>
  <system-out/>
</testsuite> <!-- EHUB.GHR_CreateEmployee.Delete_Multiple_Drafts -->
