<?xml version="1.0" encoding="UTF-8"?>
<!-- Generated by org.testng.reporters.JUnitReportReporter -->
<testsuite hostname="NWCHNLAP004" failures="0" tests="1" name="EHUB.GHR_CreateEmployee.Delete_Draft_WithoutSelectingAnyDraft" time="26.715" errors="0" timestamp="2022-06-17T12:01:25 IST" skipped="0">
  <testcase classname="EHUB.GHR_CreateEmployee.Delete_Draft_WithoutSelectingAnyDraft" name="deletDraft" time="26.715"/>
  <system-out/>
</testsuite> <!-- EHUB.GHR_CreateEmployee.Delete_Draft_WithoutSelectingAnyDraft -->
