<?xml version="1.0" encoding="UTF-8"?>
<!-- Generated by org.testng.reporters.JUnitReportReporter -->
<testsuite hostname="NWCHNLAP004" failures="0" tests="1" name="EHUB.GHR.Editandupdate" time="28.150" errors="0" timestamp="2022-06-14T10:45:12 IST" skipped="0">
  <testcase classname="EHUB.GHR.Editandupdate" name="editandupdate" time="28.150"/>
  <system-out/>
</testsuite> <!-- EHUB.GHR.Editandupdate -->
