<?xml version="1.0" encoding="UTF-8"?>
<!-- Generated by org.testng.reporters.JUnitReportReporter -->
<testsuite hostname="NWCHNLAP004" failures="0" tests="2" name="EHUB.GHR_CreateEmployee.Delete_Multiple_Drafts" time="47.464" errors="0" timestamp="2022-06-16T17:48:43 IST" skipped="0">
  <testcase classname="EHUB.GHR_CreateEmployee.Delete_Multiple_Drafts" name="deleteDraftClearAll" time="46.013"/>
  <system-out/>
  <testcase classname="EHUB.GHR_CreateEmployee.Delete_Multiple_Drafts" name="saveDraft" time="1.451"/>
  <system-out/>
</testsuite> <!-- EHUB.GHR_CreateEmployee.Delete_Multiple_Drafts -->
