<?xml version="1.0" encoding="UTF-8"?>
<!-- Generated by org.testng.reporters.JUnitReportReporter -->
<testsuite hostname="NYMCHNCPU-333" failures="0" tests="1" name="DocGenX.EmployeeRole.BaseClass" time="0.006" errors="0" timestamp="2022-03-14T13:52:32 IST" skipped="0">
  <testcase classname="DocGenX.EmployeeRole.BaseClass" name="initializeDriver" time="0.006"/>
  <system-out/>
</testsuite> <!-- DocGenX.EmployeeRole.BaseClass -->
