<?xml version="1.0" encoding="UTF-8"?>
<!-- Generated by org.testng.reporters.JUnitReportReporter -->
<testsuite hostname="NYMCHNCPU-333" failures="0" tests="1" name="DocGenX.EmployeeRole.ViewLockedTemplate" time="47.050" errors="0" timestamp="2022-05-27T15:59:46 IST" skipped="0">
  <testcase classname="DocGenX.EmployeeRole.ViewLockedTemplate" name="viewLockedTemplate" time="47.050"/>
  <system-out/>
</testsuite> <!-- DocGenX.EmployeeRole.ViewLockedTemplate -->
