<?xml version="1.0" encoding="UTF-8"?>
<!-- Generated by org.testng.reporters.JUnitReportReporter -->
<testsuite hostname="NYMCHNCPU-333" failures="0" tests="1" name="DocGenX.EmployeeRole.SendBaseTemplate" time="10.590" errors="0" timestamp="2022-03-16T17:03:14 IST" skipped="0">
  <testcase classname="DocGenX.EmployeeRole.SendBaseTemplate" name="sendBaseTemplate" time="10.590"/>
  <system-out/>
</testsuite> <!-- DocGenX.EmployeeRole.SendBaseTemplate -->
