<?xml version="1.0" encoding="UTF-8"?>
<!-- Generated by org.testng.reporters.JUnitReportReporter -->
<testsuite hostname="NWCHNLAP004" failures="0" tests="1" name="createMultipleDrafts.SaveNewdraft" time="186.283" errors="0" timestamp="2022-06-16T11:44:56 IST" skipped="0">
  <testcase classname="createMultipleDrafts.SaveNewdraft" name="saveNewDraft" time="186.283"/>
  <system-out/>
</testsuite> <!-- createMultipleDrafts.SaveNewdraft -->
