<?xml version="1.0" encoding="UTF-8"?>
<!-- Generated by org.testng.reporters.JUnitReportReporter -->
<testsuite hostname="NWCHNLAP004" failures="0" tests="1" name="EHUB.GHR_CreateEmployee.CreateEmployee_WithduplicateglobalID_proceed" time="46.590" errors="0" timestamp="2022-06-21T14:06:40 IST" skipped="0">
  <testcase classname="EHUB.GHR_CreateEmployee.CreateEmployee_WithduplicateglobalID_proceed" name="createEmployee_WithduplicateglobalID_proceed" time="46.590"/>
  <system-out/>
</testsuite> <!-- EHUB.GHR_CreateEmployee.CreateEmployee_WithduplicateglobalID_proceed -->
