<?xml version="1.0" encoding="UTF-8"?>
<!-- Generated by org.testng.reporters.JUnitReportReporter -->
<testsuite hostname="NWCHNLAP004" failures="0" tests="2" name="EHUB.GHR_CreateEmployee.Delete_Multiple_Drafts" time="27.581" errors="0" timestamp="2022-06-21T14:06:40 IST" skipped="0">
  <testcase classname="EHUB.GHR_CreateEmployee.Delete_Multiple_Drafts" name="deleteDraftClearAll" time="27.183"/>
  <system-out/>
  <testcase classname="EHUB.GHR_CreateEmployee.Delete_Multiple_Drafts" name="deleteDrafts" time="0.398"/>
  <system-out/>
</testsuite> <!-- EHUB.GHR_CreateEmployee.Delete_Multiple_Drafts -->
